<?xml version="1.0" encoding="UTF-8"?>
<testsuite xmlns:xsi="http://www.w3.org/2001/XMLSchema-instance" xsi:schemaLocation="https://maven.apache.org/surefire/maven-surefire-plugin/xsd/surefire-test-report.xsd" name="com.camunda.demo.FYP_BPMN_Mini_projet.ProcessUnitTest" time="5.164" tests="3" errors="3" skipped="0" failures="0">
  <properties>
[...]
</properties>
  <testcase name="testHappyPath" classname="com.camunda.demo.FYP_BPMN_Mini_projet.ProcessUnitTest" time="0.074">
    <error message="resource &apos;process.bpmn&apos; not found: inputStream is null" type="org.camunda.bpm.engine.exception.NullValueException">org.camunda.bpm.engine.exception.NullValueException: resource 'process.bpmn' not found: inputStream is null
</error>
    <system-out><![CDATA[22:03:34.005 [main] DEBUG org.camunda.bpm.engine.test - ==== BUILDING PROCESS ENGINE ========================================================================
22:03:34.409 [main] INFO  org.camunda.bpm.engine.cfg - ENGINE-12003 Plugin 'SpinProcessEnginePlugin' activated on process engine 'default'
22:03:34.416 [main] INFO  org.camunda.spin - SPIN-01010 Discovered Spin data format provider: org.camunda.spin.impl.json.jackson.format.JacksonJsonDataFormatProvider[name = application/json]
22:03:34.613 [main] INFO  org.camunda.spin - SPIN-01010 Discovered Spin data format provider: org.camunda.spin.impl.xml.dom.format.DomXmlDataFormatProvider[name = application/xml]
22:03:34.623 [main] INFO  org.camunda.spin - SPIN-01009 Discovered Spin data format: org.camunda.spin.impl.xml.dom.format.DomXmlDataFormat[name = application/xml]
22:03:34.623 [main] INFO  org.camunda.spin - SPIN-01009 Discovered Spin data format: org.camunda.spin.impl.json.jackson.format.JacksonJsonDataFormat[name = application/json]
22:03:34.709 [main] INFO  org.camunda.bpm.dmn.feel.scala - FEEL/SCALA-01001 Spin value mapper detected
22:03:34.943 [main] INFO  org.camunda.feel.FeelEngine - Engine created. [value-mapper: CompositeValueMapper(List(org.camunda.feel.impl.JavaValueMapper@7cf6a5f9, org.camunda.spin.plugin.impl.feel.integration.SpinValueMapper@623e088f)), function-provider: org.camunda.bpm.dmn.feel.impl.scala.function.CustomFunctionTransformer@10ded6a9, clock: SystemClock, configuration: Configuration(false)]
22:03:38.368 [main] INFO  org.camunda.bpm.connect - CNCT-01004 Discovered provider for connector id 'http-connector' and class 'org.camunda.connect.httpclient.impl.HttpConnectorImpl': 'org.camunda.connect.httpclient.impl.HttpConnectorProviderImpl'
22:03:38.370 [main] INFO  org.camunda.bpm.connect - CNCT-01004 Discovered provider for connector id 'soap-http-connector' and class 'org.camunda.connect.httpclient.soap.impl.SoapHttpConnectorImpl': 'org.camunda.connect.httpclient.soap.impl.SoapHttpConnectorProviderImpl'
22:03:38.549 [main] INFO  org.camunda.bpm.engine.persistence - ENGINE-03016 Performing database operation 'create' on component 'engine' with resource 'org/camunda/bpm/engine/db/create/activiti.h2.create.engine.sql'
22:03:38.589 [main] INFO  org.camunda.bpm.engine.persistence - ENGINE-03016 Performing database operation 'create' on component 'history' with resource 'org/camunda/bpm/engine/db/create/activiti.h2.create.history.sql'
22:03:38.599 [main] INFO  org.camunda.bpm.engine.persistence - ENGINE-03016 Performing database operation 'create' on component 'identity' with resource 'org/camunda/bpm/engine/db/create/activiti.h2.create.identity.sql'
22:03:38.611 [main] INFO  org.camunda.bpm.engine.persistence - ENGINE-03016 Performing database operation 'create' on component 'case.engine' with resource 'org/camunda/bpm/engine/db/create/activiti.h2.create.case.engine.sql'
22:03:38.617 [main] INFO  org.camunda.bpm.engine.persistence - ENGINE-03016 Performing database operation 'create' on component 'case.history' with resource 'org/camunda/bpm/engine/db/create/activiti.h2.create.case.history.sql'
22:03:38.622 [main] INFO  org.camunda.bpm.engine.persistence - ENGINE-03016 Performing database operation 'create' on component 'decision.engine' with resource 'org/camunda/bpm/engine/db/create/activiti.h2.create.decision.engine.sql'
22:03:38.633 [main] INFO  org.camunda.bpm.engine.persistence - ENGINE-03016 Performing database operation 'create' on component 'decision.history' with resource 'org/camunda/bpm/engine/db/create/activiti.h2.create.decision.history.sql'
22:03:38.659 [main] INFO  org.camunda.bpm.engine.persistence - ENGINE-03067 No history level property found in database
22:03:38.659 [main] INFO  org.camunda.bpm.engine.persistence - ENGINE-03065 Creating historyLevel property in database for level: HistoryLevelFull(name=full, id=3)
22:03:38.712 [main] INFO  org.camunda.bpm.engine - ENGINE-00001 Process Engine default created.
22:03:38.713 [main] DEBUG org.camunda.bpm.engine.test - ==== PROCESS ENGINE CREATED =========================================================================
22:03:38.722 [main] DEBUG org.camunda.bpm.engine.test - annotation @Deployment creates deployment for ProcessUnitTest.testHappyPath
22:03:38.768 [main] ERROR org.camunda.bpm.engine.context - ENGINE-16004 Exception while closing command context: no processes deployed with key 'FYP_BPMN_Mini-projet': processDefinition is null
org.camunda.bpm.engine.exception.NullValueException: no processes deployed with key 'FYP_BPMN_Mini-projet': processDefinition is null
	at sun.reflect.NativeConstructorAccessorImpl.newInstance0(Native Method) ~[na:1.8.0_92]
	at sun.reflect.NativeConstructorAccessorImpl.newInstance(NativeConstructorAccessorImpl.java:62) ~[na:1.8.0_92]
	at sun.reflect.DelegatingConstructorAccessorImpl.newInstance(DelegatingConstructorAccessorImpl.java:45) ~[na:1.8.0_92]
	at java.lang.reflect.Constructor.newInstance(Constructor.java:423) ~[na:1.8.0_92]
	at org.camunda.bpm.engine.impl.util.EnsureUtil.generateException(EnsureUtil.java:398) ~[camunda-engine-7.16.0.jar:7.16.0]
	at org.camunda.bpm.engine.impl.util.EnsureUtil.ensureNotNull(EnsureUtil.java:55) ~[camunda-engine-7.16.0.jar:7.16.0]
	at org.camunda.bpm.engine.impl.util.EnsureUtil.ensureNotNull(EnsureUtil.java:50) ~[camunda-engine-7.16.0.jar:7.16.0]
	at org.camunda.bpm.engine.impl.persistence.deploy.cache.ProcessDefinitionCache.checkInvalidDefinitionByKey(ProcessDefinitionCache.java:52) ~[camunda-engine-7.16.0.jar:7.16.0]
	at org.camunda.bpm.engine.impl.persistence.deploy.cache.ProcessDefinitionCache.checkInvalidDefinitionByKey(ProcessDefinitionCache.java:28) ~[camunda-engine-7.16.0.jar:7.16.0]
	at org.camunda.bpm.engine.impl.persistence.deploy.cache.ResourceDefinitionCache.findDeployedLatestDefinitionByKey(ResourceDefinitionCache.java:67) ~[camunda-engine-7.16.0.jar:7.16.0]
	at org.camunda.bpm.engine.impl.persistence.deploy.cache.DeploymentCache.findDeployedLatestProcessDefinitionByKey(DeploymentCache.java:90) ~[camunda-engine-7.16.0.jar:7.16.0]
	at org.camunda.bpm.engine.impl.cmd.GetDeployedProcessDefinitionCmd.findByKey(GetDeployedProcessDefinitionCmd.java:87) ~[camunda-engine-7.16.0.jar:7.16.0]
	at org.camunda.bpm.engine.impl.cmd.GetDeployedProcessDefinitionCmd.find(GetDeployedProcessDefinitionCmd.java:74) ~[camunda-engine-7.16.0.jar:7.16.0]
	at org.camunda.bpm.engine.impl.cmd.GetDeployedProcessDefinitionCmd.execute(GetDeployedProcessDefinitionCmd.java:56) ~[camunda-engine-7.16.0.jar:7.16.0]
	at org.camunda.bpm.engine.impl.cmd.StartProcessInstanceCmd.execute(StartProcessInstanceCmd.java:50) ~[camunda-engine-7.16.0.jar:7.16.0]
	at org.camunda.bpm.engine.impl.cmd.StartProcessInstanceCmd.execute(StartProcessInstanceCmd.java:38) ~[camunda-engine-7.16.0.jar:7.16.0]
	at org.camunda.bpm.engine.impl.interceptor.CommandExecutorImpl.execute(CommandExecutorImpl.java:28) ~[camunda-engine-7.16.0.jar:7.16.0]
	at org.camunda.bpm.engine.impl.interceptor.CommandContextInterceptor.execute(CommandContextInterceptor.java:110) ~[camunda-engine-7.16.0.jar:7.16.0]
	at org.camunda.bpm.engine.impl.interceptor.ProcessApplicationContextInterceptor.execute(ProcessApplicationContextInterceptor.java:70) [camunda-engine-7.16.0.jar:7.16.0]
	at org.camunda.bpm.engine.impl.interceptor.CommandCounterInterceptor.execute(CommandCounterInterceptor.java:35) [camunda-engine-7.16.0.jar:7.16.0]
	at org.camunda.bpm.engine.impl.interceptor.LogInterceptor.execute(LogInterceptor.java:33) [camunda-engine-7.16.0.jar:7.16.0]
	at org.camunda.bpm.engine.impl.ProcessInstantiationBuilderImpl.executeWithVariablesInReturn(ProcessInstantiationBuilderImpl.java:166) [camunda-engine-7.16.0.jar:7.16.0]
	at org.camunda.bpm.engine.impl.ProcessInstantiationBuilderImpl.execute(ProcessInstantiationBuilderImpl.java:132) [camunda-engine-7.16.0.jar:7.16.0]
	at org.camunda.bpm.engine.impl.ProcessInstantiationBuilderImpl.execute(ProcessInstantiationBuilderImpl.java:128) [camunda-engine-7.16.0.jar:7.16.0]
	at org.camunda.bpm.engine.impl.RuntimeServiceImpl.startProcessInstanceByKey(RuntimeServiceImpl.java:90) [camunda-engine-7.16.0.jar:7.16.0]
	at com.camunda.demo.FYP_BPMN_Mini_projet.ProcessUnitTest.testHappyPath(ProcessUnitTest.java:40) [test-classes/:na]
	at sun.reflect.NativeMethodAccessorImpl.invoke0(Native Method) ~[na:1.8.0_92]
	at sun.reflect.NativeMethodAccessorImpl.invoke(NativeMethodAccessorImpl.java:62) ~[na:1.8.0_92]
	at sun.reflect.DelegatingMethodAccessorImpl.invoke(DelegatingMethodAccessorImpl.java:43) ~[na:1.8.0_92]
	at java.lang.reflect.Method.invoke(Method.java:498) ~[na:1.8.0_92]
	at org.junit.runners.model.FrameworkMethod$1.runReflectiveCall(FrameworkMethod.java:59) [junit-4.13.1.jar:4.13.1]
	at org.junit.internal.runners.model.ReflectiveCallable.run(ReflectiveCallable.java:12) [junit-4.13.1.jar:4.13.1]
	at org.junit.runners.model.FrameworkMethod.invokeExplosively(FrameworkMethod.java:56) [junit-4.13.1.jar:4.13.1]
	at org.junit.internal.runners.statements.InvokeMethod.evaluate(InvokeMethod.java:17) [junit-4.13.1.jar:4.13.1]
	at org.junit.internal.runners.statements.RunBefores.evaluate(RunBefores.java:26) [junit-4.13.1.jar:4.13.1]
	at org.junit.rules.TestWatcher$1.evaluate(TestWatcher.java:61) [junit-4.13.1.jar:4.13.1]
	at org.camunda.bpm.engine.test.ProcessEngineRule$1.evaluate(ProcessEngineRule.java:185) [camunda-engine-7.16.0.jar:7.16.0]
	at org.junit.runners.ParentRunner$3.evaluate(ParentRunner.java:306) [junit-4.13.1.jar:4.13.1]
	at org.junit.runners.BlockJUnit4ClassRunner$1.evaluate(BlockJUnit4ClassRunner.java:100) [junit-4.13.1.jar:4.13.1]
	at org.junit.runners.ParentRunner.runLeaf(ParentRunner.java:366) [junit-4.13.1.jar:4.13.1]
	at org.junit.runners.BlockJUnit4ClassRunner.runChild(BlockJUnit4ClassRunner.java:103) [junit-4.13.1.jar:4.13.1]
	at org.junit.runners.BlockJUnit4ClassRunner.runChild(BlockJUnit4ClassRunner.java:63) [junit-4.13.1.jar:4.13.1]
	at org.junit.runners.ParentRunner$4.run(ParentRunner.java:331) [junit-4.13.1.jar:4.13.1]
	at org.junit.runners.ParentRunner$1.schedule(ParentRunner.java:79) [junit-4.13.1.jar:4.13.1]
	at org.junit.runners.ParentRunner.runChildren(ParentRunner.java:329) [junit-4.13.1.jar:4.13.1]
	at org.junit.runners.ParentRunner.access$100(ParentRunner.java:66) [junit-4.13.1.jar:4.13.1]
	at org.junit.runners.ParentRunner$2.evaluate(ParentRunner.java:293) [junit-4.13.1.jar:4.13.1]
	at org.junit.rules.TestWatcher$1.evaluate(TestWatcher.java:61) [junit-4.13.1.jar:4.13.1]
	at org.camunda.bpm.engine.test.ProcessEngineRule$1.evaluate(ProcessEngineRule.java:185) [camunda-engine-7.16.0.jar:7.16.0]
	at org.junit.rules.RunRules.evaluate(RunRules.java:20) [junit-4.13.1.jar:4.13.1]
	at org.junit.runners.ParentRunner$3.evaluate(ParentRunner.java:306) [junit-4.13.1.jar:4.13.1]
	at org.junit.runners.ParentRunner.run(ParentRunner.java:413) [junit-4.13.1.jar:4.13.1]
	at org.apache.maven.surefire.junit4.JUnit4Provider.execute(JUnit4Provider.java:367) [surefire-junit4-2.19.1.jar:2.19.1]
	at org.apache.maven.surefire.junit4.JUnit4Provider.executeWithRerun(JUnit4Provider.java:274) [surefire-junit4-2.19.1.jar:2.19.1]
	at org.apache.maven.surefire.junit4.JUnit4Provider.executeTestSet(JUnit4Provider.java:238) [surefire-junit4-2.19.1.jar:2.19.1]
	at org.apache.maven.surefire.junit4.JUnit4Provider.invoke(JUnit4Provider.java:161) [surefire-junit4-2.19.1.jar:2.19.1]
	at org.apache.maven.surefire.booter.ForkedBooter.invokeProviderInSameClassLoader(ForkedBooter.java:290) [surefire-booter-2.19.1.jar:2.19.1]
	at org.apache.maven.surefire.booter.ForkedBooter.runSuitesInProcess(ForkedBooter.java:242) [surefire-booter-2.19.1.jar:2.19.1]
	at org.apache.maven.surefire.booter.ForkedBooter.main(ForkedBooter.java:121) [surefire-booter-2.19.1.jar:2.19.1]
22:03:38.773 [main] DEBUG org.camunda.bpm.engine.test - annotation @Deployment deletes deployment for ProcessUnitTest.testHappyPath
]]></system-out>
    <system-err><![CDATA[Nov 16, 2021 10:03:38 PM org.camunda.bpm.extension.process_test_coverage.junit.rules.TestCoverageProcessEngineRule failed
INFO: testHappyPath(com.camunda.demo.FYP_BPMN_Mini_projet.ProcessUnitTest) failed.
]]></system-err>
  </testcase>
  <testcase name="testHappyPath" classname="com.camunda.demo.FYP_BPMN_Mini_projet.ProcessUnitTest" time="0.075">
    <error message="no processes deployed with key &apos;FYP_BPMN_Mini-projet&apos;: processDefinition is null" type="org.camunda.bpm.engine.exception.NullValueException">org.camunda.bpm.engine.exception.NullValueException: no processes deployed with key 'FYP_BPMN_Mini-projet': processDefinition is null
	at com.camunda.demo.FYP_BPMN_Mini_projet.ProcessUnitTest.testHappyPath(ProcessUnitTest.java:40)
</error>
  </testcase>
  <testcase name="com.camunda.demo.FYP_BPMN_Mini_projet.ProcessUnitTest" classname="com.camunda.demo.FYP_BPMN_Mini_projet.ProcessUnitTest" time="0.076">
    <error type="java.util.NoSuchElementException">java.util.NoSuchElementException
</error>
    <system-err><![CDATA[Nov 16, 2021 10:03:38 PM org.camunda.bpm.extension.process_test_coverage.junit.rules.TestCoverageProcessEngineRule succeeded
INFO: com.camunda.demo.FYP_BPMN_Mini_projet.ProcessUnitTest succeeded.
]]></system-err>
  </testcase>
</testsuite>